Draw Line
    ctx.moveTo(0, 0);
    ctx.lineTo(600, 500);
    ctx.stroke();
    ctx.fillStyle = "#08c";
-----------------------------------------
Get width & Height
    ctx.width
    ctx.height
-----------------------------------------
Draw Circle
    ctx.beginPath();
    ctx.arc(50, 50, 40, 0, 2 * Math.PI);
    ctx.stroke();
-----------------------------------------
 drawing walls -----------------------
    ctx.fillStyle = "#09c";
    for(let id=0; id<maps["map_1"].length; id++){
        ctx.fillRect(maps["map_1"][id][0], maps["map_1"][id][1], 50, 50);
    }
-----------------------------------------
Draw image
    ctx.drawImage(map_1, 0, 0, 600, 600);
-----------------------------------------
Draw rect
    ctx.fillStyle = "#50d0f0";
    ctx.fillRect(0, 0, 600, 600);
-----------------------------------------

theGradient = ctx.createLinearGradient(this.X, this.Y, 50, 0);
theGradient.addColorStop(0, '#ff0');
theGradient.addColorStop(1, this.RGB);
ctx.fillStyle = theGradient; // this.RGB;
theGradient = ctx.createPattern(img[0], 'no-repeat');
ctx.fillStyle = theGradient;
-----------------------------------------
Control lineWidth
ctx.lineWidth = 20;
-----------------------------------------
-----------------------------------------
-----------------------------------------
-----------------------------------------
-----------------------------------------
-----------------------------------------
-----------------------------------------
-----------------------------------------
-----------------------------------------
-----------------------------------------
-----------------------------------------